------------------------------------------------------------------------------------------------------------------------

[2020-10-19 08:38:06 #1 store] 
Database '/Users/eiderrodriguez/Desktop/Eclipse/Bets2021/src/main/resources/bets20.temp' is opened by 786@MacBook-Pro-de-Eider.local

[2020-10-19 08:38:06 #2 type] 
Type domain.Pertsona is not enhanced.

[2020-10-19 08:38:06 #3 type] 
Type domain.Administratzailea is not enhanced.

[2020-10-19 08:38:06 #4 type] 
Type domain.Question is not enhanced.

[2020-10-19 08:38:06 #5 type] 
Type domain.Kuota is not enhanced.

[2020-10-19 08:38:06 #6 type] 
Type domain.Event is not enhanced.

[2020-10-19 08:38:06 #7 type] 
Type domain.Apustua is not enhanced.

[2020-10-19 08:38:06 #8 type] 
Type domain.PertsonaErregistratua is not enhanced.

------------------------------------------------------------------------------------------------------------------------

[2020-10-19 08:38:33 #1 store] 
Database '/Users/eiderrodriguez/Desktop/Eclipse/Bets2021/src/main/resources/bets20.temp' is opened by 797@MacBook-Pro-de-Eider.local

[2020-10-19 08:38:33 #2 type] 
Type domain.Pertsona is not enhanced.

[2020-10-19 08:38:33 #3 type] 
Type domain.Administratzailea is not enhanced.

[2020-10-19 08:38:33 #4 type] 
Type domain.Question is not enhanced.

[2020-10-19 08:38:33 #5 type] 
Type domain.Kuota is not enhanced.

[2020-10-19 08:38:33 #6 type] 
Type domain.Event is not enhanced.

[2020-10-19 08:38:33 #7 type] 
Type domain.Apustua is not enhanced.

[2020-10-19 08:38:33 #8 type] 
Type domain.PertsonaErregistratua is not enhanced.

------------------------------------------------------------------------------------------------------------------------

[2020-10-19 08:45:03 #1 store] 
Database '/Users/eiderrodriguez/Desktop/Eclipse/Bets2021/src/main/resources/bets20.temp' is opened by 863@MacBook-Pro-de-Eider.local

[2020-10-19 08:45:03 #2 type] 
Type domain.Pertsona is not enhanced.

[2020-10-19 08:45:03 #3 type] 
Type domain.Administratzailea is not enhanced.

[2020-10-19 08:45:03 #4 type] 
Type domain.Question is not enhanced.

[2020-10-19 08:45:03 #5 type] 
Type domain.Kuota is not enhanced.

[2020-10-19 08:45:03 #6 type] 
Type domain.Event is not enhanced.

[2020-10-19 08:45:03 #7 type] 
Type domain.Apustua is not enhanced.

[2020-10-19 08:45:03 #8 type] 
Type domain.PertsonaErregistratua is not enhanced.

------------------------------------------------------------------------------------------------------------------------

[2020-10-19 11:14:34 #1 store] 
Database '/Users/eiderrodriguez/Desktop/Eclipse/Bets2021/src/main/resources/bets20.temp' is opened by 1556@MacBook-Pro-de-Eider.local

[2020-10-19 11:14:34 #2 type] 
Type domain.Pertsona is not enhanced.

[2020-10-19 11:14:34 #3 type] 
Type domain.Administratzailea is not enhanced.

[2020-10-19 11:14:34 #4 type] 
Type domain.Question is not enhanced.

[2020-10-19 11:14:35 #5 type] 
Type domain.Kuota is not enhanced.

[2020-10-19 11:14:35 #6 type] 
Type domain.Event is not enhanced.

[2020-10-19 11:14:35 #7 type] 
Type domain.Apustua is not enhanced.

[2020-10-19 11:14:35 #8 type] 
Type domain.PertsonaErregistratua is not enhanced.

------------------------------------------------------------------------------------------------------------------------

[2020-10-19 12:34:40 #1 store] 
Database '/Users/eiderrodriguez/Desktop/Eclipse/Bets2021/src/main/resources/bets20.temp' is opened by 1850@MacBook-Pro-de-Eider.local

[2020-10-19 12:34:40 #2 type] 
Type domain.Pertsona is not enhanced.

[2020-10-19 12:34:41 #3 type] 
Type domain.Administratzailea is not enhanced.

[2020-10-19 12:34:41 #4 type] 
Type domain.Question is not enhanced.

[2020-10-19 12:34:41 #5 type] 
Type domain.Kuota is not enhanced.

[2020-10-19 12:34:41 #6 type] 
Type domain.Event is not enhanced.

[2020-10-19 12:34:41 #7 type] 
Type domain.Apustua is not enhanced.

[2020-10-19 12:34:41 #8 type] 
Type domain.PertsonaErregistratua is not enhanced.

------------------------------------------------------------------------------------------------------------------------

[2020-10-19 12:42:08 #1 store] 
Database '/Users/eiderrodriguez/Desktop/Eclipse/Bets2021/src/main/resources/bets20.temp' has been recovered (tr. 7-14)

[2020-10-19 12:42:08 #2 store] 
Database '/Users/eiderrodriguez/Desktop/Eclipse/Bets2021/src/main/resources/bets20.temp' is opened by 1895@MacBook-Pro-de-Eider.local

[2020-10-19 12:42:08 #3 type] 
Type domain.Pertsona is not enhanced.

[2020-10-19 12:42:08 #4 type] 
Type domain.Administratzailea is not enhanced.

[2020-10-19 12:42:08 #5 type] 
Type domain.Question is not enhanced.

[2020-10-19 12:42:08 #6 type] 
Type domain.Kuota is not enhanced.

[2020-10-19 12:42:08 #7 type] 
Type domain.Event is not enhanced.

[2020-10-19 12:42:08 #8 type] 
Type domain.Apustua is not enhanced.

[2020-10-19 12:42:08 #9 type] 
Type domain.PertsonaErregistratua is not enhanced.

------------------------------------------------------------------------------------------------------------------------

[2020-10-19 13:20:17 #1 store] 
Database '/Users/eiderrodriguez/Desktop/Eclipse/Bets2021/src/main/resources/bets20.temp' has been recovered (tr. 15-22)

[2020-10-19 13:20:18 #2 store] 
Database '/Users/eiderrodriguez/Desktop/Eclipse/Bets2021/src/main/resources/bets20.temp' is opened by 2027@MacBook-Pro-de-Eider.local

[2020-10-19 13:20:18 #3 type] 
Type domain.Pertsona is not enhanced.

[2020-10-19 13:20:18 #4 type] 
Type domain.Administratzailea is not enhanced.

[2020-10-19 13:20:18 #5 type] 
Type domain.Question is not enhanced.

[2020-10-19 13:20:18 #6 type] 
Type domain.Kuota is not enhanced.

[2020-10-19 13:20:18 #7 type] 
Type domain.Event is not enhanced.

[2020-10-19 13:20:18 #8 type] 
Type domain.Apustua is not enhanced.

[2020-10-19 13:20:18 #9 type] 
Type domain.PertsonaErregistratua is not enhanced.

------------------------------------------------------------------------------------------------------------------------

[2020-10-19 13:21:34 #1 store] 
Database '/Users/eiderrodriguez/Desktop/Eclipse/Bets2021/src/main/resources/bets20.temp' has been recovered (tr. 23-30)

[2020-10-19 13:21:34 #2 store] 
Database '/Users/eiderrodriguez/Desktop/Eclipse/Bets2021/src/main/resources/bets20.temp' is opened by 2028@MacBook-Pro-de-Eider.local

[2020-10-19 13:21:34 #3 type] 
Type domain.Pertsona is not enhanced.

[2020-10-19 13:21:34 #4 type] 
Type domain.Administratzailea is not enhanced.

[2020-10-19 13:21:34 #5 type] 
Type domain.Question is not enhanced.

[2020-10-19 13:21:34 #6 type] 
Type domain.Kuota is not enhanced.

[2020-10-19 13:21:34 #7 type] 
Type domain.Event is not enhanced.

[2020-10-19 13:21:34 #8 type] 
Type domain.Apustua is not enhanced.

[2020-10-19 13:21:34 #9 type] 
Type domain.PertsonaErregistratua is not enhanced.

------------------------------------------------------------------------------------------------------------------------

[2020-10-19 14:01:55 #1 store] 
Database '/Users/eiderrodriguez/Desktop/Eclipse/Bets2021/src/main/resources/bets20.temp' has been recovered (tr. 31-38)

[2020-10-19 14:01:55 #2 store] 
Database '/Users/eiderrodriguez/Desktop/Eclipse/Bets2021/src/main/resources/bets20.temp' is opened by 2419@MacBook-Pro-de-Eider.local

[2020-10-19 14:01:55 #3 type] 
Type domain.Pertsona is not enhanced.

[2020-10-19 14:01:55 #4 type] 
Type domain.Administratzailea is not enhanced.

[2020-10-19 14:01:55 #5 type] 
Type domain.Question is not enhanced.

[2020-10-19 14:01:55 #6 type] 
Type domain.Kuota is not enhanced.

[2020-10-19 14:01:55 #7 type] 
Type domain.Event is not enhanced.

[2020-10-19 14:01:55 #8 type] 
Type domain.Apustua is not enhanced.

[2020-10-19 14:01:55 #9 type] 
Type domain.PertsonaErregistratua is not enhanced.

------------------------------------------------------------------------------------------------------------------------

[2020-10-19 18:19:32 #1 store] 
Database '/Users/eiderrodriguez/Desktop/Eclipse/Bets2021/src/main/resources/bets20.temp' has been recovered (tr. 39-46)

[2020-10-19 18:19:32 #2 store] 
Database '/Users/eiderrodriguez/Desktop/Eclipse/Bets2021/src/main/resources/bets20.temp' is opened by 3703@MacBook-Pro-de-Eider.local

[2020-10-19 18:19:32 #3 type] 
Type domain.Pertsona is not enhanced.

[2020-10-19 18:19:32 #4 type] 
Type domain.Administratzailea is not enhanced.

[2020-10-19 18:19:32 #5 type] 
Type domain.Question is not enhanced.

[2020-10-19 18:19:32 #6 type] 
Type domain.Kuota is not enhanced.

[2020-10-19 18:19:32 #7 type] 
Type domain.Event is not enhanced.

[2020-10-19 18:19:32 #8 type] 
Type domain.Apustua is not enhanced.

[2020-10-19 18:19:32 #9 type] 
Type domain.PertsonaErregistratua is not enhanced.

