------------------------------------------------------------------------------------------------------------------------

[2020-10-11 00:01:21 #1 store] 
Database '/Users/eiderrodriguez/Desktop/Eclipse/Bets2021/src/main/resources/bets20.temp' is opened by 727@MacBook-Pro-de-Eider.local

[2020-10-11 00:01:21 #2 type] 
Type domain.Pertsona is not enhanced.

[2020-10-11 00:01:21 #3 type] 
Type domain.Administratzailea is not enhanced.

[2020-10-11 00:01:21 #4 type] 
Type domain.Question is not enhanced.

[2020-10-11 00:01:21 #5 type] 
Type domain.Kuota is not enhanced.

[2020-10-11 00:01:21 #6 type] 
Type domain.Event is not enhanced.

[2020-10-11 00:01:21 #7 type] 
Type domain.Apustua is not enhanced.

[2020-10-11 00:01:21 #8 type] 
Type domain.PertsonaErregistratua is not enhanced.

------------------------------------------------------------------------------------------------------------------------

[2020-10-11 00:01:46 #1 store] 
Database '/Users/eiderrodriguez/Desktop/Eclipse/Bets2021/src/main/resources/bets20.temp' is opened by 730@MacBook-Pro-de-Eider.local

[2020-10-11 00:01:46 #2 type] 
Type domain.Pertsona is not enhanced.

[2020-10-11 00:01:46 #3 type] 
Type domain.Administratzailea is not enhanced.

[2020-10-11 00:01:46 #4 type] 
Type domain.Question is not enhanced.

[2020-10-11 00:01:46 #5 type] 
Type domain.Kuota is not enhanced.

[2020-10-11 00:01:46 #6 type] 
Type domain.Event is not enhanced.

[2020-10-11 00:01:46 #7 type] 
Type domain.Apustua is not enhanced.

[2020-10-11 00:01:46 #8 type] 
Type domain.PertsonaErregistratua is not enhanced.

------------------------------------------------------------------------------------------------------------------------

[2020-10-11 00:08:19 #1 store] 
Database '/Users/eiderrodriguez/Desktop/Eclipse/Bets2021/src/main/resources/bets20.temp' is opened by 775@MacBook-Pro-de-Eider.local

[2020-10-11 00:08:19 #2 type] 
Type domain.Pertsona is not enhanced.

[2020-10-11 00:08:19 #3 type] 
Type domain.Administratzailea is not enhanced.

[2020-10-11 00:08:19 #4 type] 
Type domain.Question is not enhanced.

[2020-10-11 00:08:19 #5 type] 
Type domain.Kuota is not enhanced.

[2020-10-11 00:08:19 #6 type] 
Type domain.Event is not enhanced.

[2020-10-11 00:08:19 #7 type] 
Type domain.Apustua is not enhanced.

[2020-10-11 00:08:19 #8 type] 
Type domain.PertsonaErregistratua is not enhanced.

------------------------------------------------------------------------------------------------------------------------

[2020-10-11 00:08:25 #1 store] 
Database '/Users/eiderrodriguez/Desktop/Eclipse/Bets2021/src/main/resources/bets20.temp' is opened by 776@MacBook-Pro-de-Eider.local

[2020-10-11 00:08:25 #2 type] 
Type domain.Pertsona is not enhanced.

[2020-10-11 00:08:25 #3 type] 
Type domain.Administratzailea is not enhanced.

[2020-10-11 00:08:25 #4 type] 
Type domain.Question is not enhanced.

[2020-10-11 00:08:25 #5 type] 
Type domain.Kuota is not enhanced.

[2020-10-11 00:08:25 #6 type] 
Type domain.Event is not enhanced.

[2020-10-11 00:08:25 #7 type] 
Type domain.Apustua is not enhanced.

[2020-10-11 00:08:25 #8 type] 
Type domain.PertsonaErregistratua is not enhanced.

------------------------------------------------------------------------------------------------------------------------

[2020-10-11 00:51:19 #1 store] 
Database '/Users/eiderrodriguez/Desktop/Eclipse/Bets2021/src/main/resources/bets20.temp' is opened by 682@MacBook-Pro-de-Eider.local

[2020-10-11 00:51:19 #2 type] 
Type domain.Pertsona is not enhanced.

[2020-10-11 00:51:19 #3 type] 
Type domain.Administratzailea is not enhanced.

[2020-10-11 00:51:19 #4 type] 
Type domain.Question is not enhanced.

[2020-10-11 00:51:19 #5 type] 
Type domain.Kuota is not enhanced.

[2020-10-11 00:51:19 #6 type] 
Type domain.Event is not enhanced.

[2020-10-11 00:51:19 #7 type] 
Type domain.Apustua is not enhanced.

[2020-10-11 00:51:19 #8 type] 
Type domain.PertsonaErregistratua is not enhanced.

------------------------------------------------------------------------------------------------------------------------

[2020-10-11 00:55:32 #1 store] 
Database '/Users/eiderrodriguez/Desktop/Eclipse/Bets2021/src/main/resources/bets20.temp' is opened by 700@MacBook-Pro-de-Eider.local

[2020-10-11 00:55:32 #2 type] 
Type domain.Pertsona is not enhanced.

[2020-10-11 00:55:32 #3 type] 
Type domain.Administratzailea is not enhanced.

[2020-10-11 00:55:32 #4 type] 
Type domain.Question is not enhanced.

[2020-10-11 00:55:32 #5 type] 
Type domain.Kuota is not enhanced.

[2020-10-11 00:55:32 #6 type] 
Type domain.Event is not enhanced.

[2020-10-11 00:55:32 #7 type] 
Type domain.Apustua is not enhanced.

[2020-10-11 00:55:32 #8 type] 
Type domain.PertsonaErregistratua is not enhanced.

------------------------------------------------------------------------------------------------------------------------

[2020-10-11 00:56:24 #1 store] 
Database '/Users/eiderrodriguez/Desktop/Eclipse/Bets2021/src/main/resources/bets20.temp' is opened by 714@MacBook-Pro-de-Eider.local

[2020-10-11 00:56:24 #2 type] 
Type domain.Pertsona is not enhanced.

[2020-10-11 00:56:24 #3 type] 
Type domain.Administratzailea is not enhanced.

[2020-10-11 00:56:24 #4 type] 
Type domain.Question is not enhanced.

[2020-10-11 00:56:24 #5 type] 
Type domain.Kuota is not enhanced.

[2020-10-11 00:56:24 #6 type] 
Type domain.Event is not enhanced.

[2020-10-11 00:56:24 #7 type] 
Type domain.Apustua is not enhanced.

[2020-10-11 00:56:24 #8 type] 
Type domain.PertsonaErregistratua is not enhanced.

------------------------------------------------------------------------------------------------------------------------

[2020-10-11 00:57:20 #1 store] 
Database '/Users/eiderrodriguez/Desktop/Eclipse/Bets2021/src/main/resources/bets20.temp' is opened by 717@MacBook-Pro-de-Eider.local

[2020-10-11 00:57:20 #2 type] 
Type domain.Pertsona is not enhanced.

[2020-10-11 00:57:20 #3 type] 
Type domain.Administratzailea is not enhanced.

[2020-10-11 00:57:20 #4 type] 
Type domain.Question is not enhanced.

[2020-10-11 00:57:20 #5 type] 
Type domain.Kuota is not enhanced.

[2020-10-11 00:57:20 #6 type] 
Type domain.Event is not enhanced.

[2020-10-11 00:57:20 #7 type] 
Type domain.Apustua is not enhanced.

[2020-10-11 00:57:20 #8 type] 
Type domain.PertsonaErregistratua is not enhanced.

------------------------------------------------------------------------------------------------------------------------

[2020-10-11 00:57:44 #1 store] 
Database '/Users/eiderrodriguez/Desktop/Eclipse/Bets2021/src/main/resources/bets20.temp' is opened by 718@MacBook-Pro-de-Eider.local

[2020-10-11 00:57:44 #2 type] 
Type domain.Pertsona is not enhanced.

[2020-10-11 00:57:44 #3 type] 
Type domain.Administratzailea is not enhanced.

[2020-10-11 00:57:44 #4 type] 
Type domain.Question is not enhanced.

[2020-10-11 00:57:44 #5 type] 
Type domain.Kuota is not enhanced.

[2020-10-11 00:57:44 #6 type] 
Type domain.Event is not enhanced.

[2020-10-11 00:57:44 #7 type] 
Type domain.Apustua is not enhanced.

[2020-10-11 00:57:44 #8 type] 
Type domain.PertsonaErregistratua is not enhanced.

