------------------------------------------------------------------------------------------------------------------------

[2020-10-09 08:50:01 #1 store] 
Database '/Users/eiderrodriguez/Desktop/Eclipse/Bets2021/src/main/resources/bets20.temp' has been recovered (tr. 4-6)

[2020-10-09 08:50:07 #2 store] 
Database '/Users/eiderrodriguez/Desktop/Eclipse/Bets2021/src/main/resources/bets20.temp' is opened by 871@MacBook-Pro-de-Eider.local

[2020-10-09 08:50:07 #3 type] 
Type domain.Pertsona is not enhanced.

[2020-10-09 08:50:07 #4 type] 
Type domain.PertsonaErregistratua is not enhanced.

[2020-10-09 08:50:07 #5 type] 
Type domain.Apustua is not enhanced.

[2020-10-09 08:50:07 #6 type] 
Type domain.Kuota is not enhanced.

[2020-10-09 08:50:07 #7 type] 
Type domain.Question is not enhanced.

[2020-10-09 08:50:07 #8 type] 
Type domain.Event is not enhanced.

------------------------------------------------------------------------------------------------------------------------

[2020-10-09 09:24:15 #1 store] 
Database '/Users/eiderrodriguez/Desktop/Eclipse/Bets2021/src/main/resources/bets20.temp' is opened by 1157@MacBook-Pro-de-Eider.local

[2020-10-09 09:24:15 #2 type] 
Type domain.Pertsona is not enhanced.

[2020-10-09 09:24:15 #3 type] 
Type domain.PertsonaErregistratua is not enhanced.

[2020-10-09 09:24:15 #4 type] 
Type domain.Apustua is not enhanced.

[2020-10-09 09:24:15 #5 type] 
Type domain.Kuota is not enhanced.

[2020-10-09 09:24:15 #6 type] 
Type domain.Question is not enhanced.

[2020-10-09 09:24:15 #7 type] 
Type domain.Event is not enhanced.

------------------------------------------------------------------------------------------------------------------------

[2020-10-09 09:27:07 #1 store] 
Database '/Users/eiderrodriguez/Desktop/Eclipse/Bets2021/src/main/resources/bets20.temp' is opened by 1173@MacBook-Pro-de-Eider.local

[2020-10-09 09:27:07 #2 type.registry] 
New type domain.Pertsona

[2020-10-09 09:27:07 #3 type.registry] 
New type domain.Administratzailea

[2020-10-09 09:27:07 #4 type] 
Type domain.Pertsona is not enhanced.

[2020-10-09 09:27:07 #5 type] 
Type domain.Administratzailea is not enhanced.

[2020-10-09 09:27:07 #6 type.registry] 
New type domain.Question

[2020-10-09 09:27:07 #7 type] 
Type domain.Question is not enhanced.

[2020-10-09 09:27:07 #8 type.registry] 
New type domain.Kuota

[2020-10-09 09:27:07 #9 type.registry] 
New type java.util.Vector<domain.Kuota>

[2020-10-09 09:27:07 #10 type.registry] 
New type domain.Event

[2020-10-09 09:27:07 #11 type] 
Type domain.Kuota is not enhanced.

[2020-10-09 09:27:07 #12 type.registry] 
New type domain.Apustua

[2020-10-09 09:27:07 #13 type.registry] 
New type java.util.Vector<domain.Apustua>

[2020-10-09 09:27:07 #14 type] 
Type domain.Event is not enhanced.

[2020-10-09 09:27:07 #15 type.registry] 
New type java.util.Vector<domain.Question>

[2020-10-09 09:27:07 #16 type] 
Type domain.Apustua is not enhanced.

[2020-10-09 09:27:07 #17 type.registry] 
New type domain.PertsonaErregistratua

[2020-10-09 09:27:07 #18 type] 
Type domain.PertsonaErregistratua is not enhanced.

[2020-10-09 09:27:07 #19 type.registry] 
New type java.util.Vector<java.lang.Object>

------------------------------------------------------------------------------------------------------------------------

[2020-10-09 09:27:24 #1 store] 
Database '/Users/eiderrodriguez/Desktop/Eclipse/Bets2021/src/main/resources/bets20.temp' is opened by 1174@MacBook-Pro-de-Eider.local

[2020-10-09 09:27:25 #2 type.registry] 
New type domain.Pertsona

[2020-10-09 09:27:25 #3 type.registry] 
New type domain.Administratzailea

[2020-10-09 09:27:25 #4 type] 
Type domain.Pertsona is not enhanced.

[2020-10-09 09:27:25 #5 type] 
Type domain.Administratzailea is not enhanced.

[2020-10-09 09:27:25 #6 type.registry] 
New type domain.Question

[2020-10-09 09:27:25 #7 type] 
Type domain.Question is not enhanced.

[2020-10-09 09:27:25 #8 type.registry] 
New type domain.Kuota

[2020-10-09 09:27:25 #9 type.registry] 
New type java.util.Vector<domain.Kuota>

[2020-10-09 09:27:25 #10 type.registry] 
New type domain.Event

[2020-10-09 09:27:25 #11 type] 
Type domain.Kuota is not enhanced.

[2020-10-09 09:27:25 #12 type.registry] 
New type domain.Apustua

[2020-10-09 09:27:25 #13 type.registry] 
New type java.util.Vector<domain.Apustua>

[2020-10-09 09:27:25 #14 type] 
Type domain.Event is not enhanced.

[2020-10-09 09:27:25 #15 type.registry] 
New type java.util.Vector<domain.Question>

[2020-10-09 09:27:25 #16 type] 
Type domain.Apustua is not enhanced.

[2020-10-09 09:27:25 #17 type.registry] 
New type domain.PertsonaErregistratua

[2020-10-09 09:27:25 #18 type] 
Type domain.PertsonaErregistratua is not enhanced.

[2020-10-09 09:27:25 #19 type.registry] 
New type java.util.Vector<java.lang.Object>

------------------------------------------------------------------------------------------------------------------------

[2020-10-09 09:28:12 #1 store] 
Database '/Users/eiderrodriguez/Desktop/Eclipse/Bets2021/src/main/resources/bets20.temp' has been recovered (tr. 1-6)

------------------------------------------------------------------------------------------------------------------------

[2020-10-09 12:47:26 #1 store] 
Database '/Users/eiderrodriguez/Desktop/Eclipse/Bets2021/src/main/resources/bets20.temp' is opened by 2231@MacBook-Pro-de-Eider.local

[2020-10-09 12:47:26 #2 type] 
Type domain.Pertsona is not enhanced.

[2020-10-09 12:47:26 #3 type] 
Type domain.Administratzailea is not enhanced.

[2020-10-09 12:47:26 #4 type] 
Type domain.Question is not enhanced.

[2020-10-09 12:47:26 #5 type] 
Type domain.Kuota is not enhanced.

[2020-10-09 12:47:26 #6 type] 
Type domain.Event is not enhanced.

[2020-10-09 12:47:26 #7 type] 
Type domain.Apustua is not enhanced.

[2020-10-09 12:47:26 #8 type] 
Type domain.PertsonaErregistratua is not enhanced.

------------------------------------------------------------------------------------------------------------------------

[2020-10-09 12:51:36 #1 store] 
Database '/Users/eiderrodriguez/Desktop/Eclipse/Bets2021/src/main/resources/bets20.temp' is opened by 2238@MacBook-Pro-de-Eider.local

[2020-10-09 12:51:36 #2 type] 
Type domain.Pertsona is not enhanced.

[2020-10-09 12:51:36 #3 type] 
Type domain.Administratzailea is not enhanced.

[2020-10-09 12:51:36 #4 type] 
Type domain.Question is not enhanced.

[2020-10-09 12:51:36 #5 type] 
Type domain.Kuota is not enhanced.

[2020-10-09 12:51:36 #6 type] 
Type domain.Event is not enhanced.

[2020-10-09 12:51:36 #7 type] 
Type domain.Apustua is not enhanced.

[2020-10-09 12:51:36 #8 type] 
Type domain.PertsonaErregistratua is not enhanced.

------------------------------------------------------------------------------------------------------------------------

[2020-10-09 12:52:17 #1 store] 
Database '/Users/eiderrodriguez/Desktop/Eclipse/Bets2021/src/main/resources/bets20.temp' is opened by 2263@MacBook-Pro-de-Eider.local

[2020-10-09 12:52:17 #2 type] 
Type domain.Pertsona is not enhanced.

[2020-10-09 12:52:17 #3 type] 
Type domain.Administratzailea is not enhanced.

[2020-10-09 12:52:17 #4 type] 
Type domain.Question is not enhanced.

[2020-10-09 12:52:17 #5 type] 
Type domain.Kuota is not enhanced.

[2020-10-09 12:52:17 #6 type] 
Type domain.Event is not enhanced.

[2020-10-09 12:52:17 #7 type] 
Type domain.Apustua is not enhanced.

[2020-10-09 12:52:17 #8 type] 
Type domain.PertsonaErregistratua is not enhanced.

------------------------------------------------------------------------------------------------------------------------

[2020-10-09 12:52:39 #1 store] 
Database '/Users/eiderrodriguez/Desktop/Eclipse/Bets2021/src/main/resources/bets20.temp' is opened by 2264@MacBook-Pro-de-Eider.local

[2020-10-09 12:52:39 #2 type] 
Type domain.Pertsona is not enhanced.

[2020-10-09 12:52:39 #3 type] 
Type domain.Administratzailea is not enhanced.

[2020-10-09 12:52:39 #4 type] 
Type domain.Question is not enhanced.

[2020-10-09 12:52:39 #5 type] 
Type domain.Kuota is not enhanced.

[2020-10-09 12:52:39 #6 type] 
Type domain.Event is not enhanced.

[2020-10-09 12:52:39 #7 type] 
Type domain.Apustua is not enhanced.

[2020-10-09 12:52:39 #8 type] 
Type domain.PertsonaErregistratua is not enhanced.

------------------------------------------------------------------------------------------------------------------------

[2020-10-09 12:53:13 #1 store] 
Database '/Users/eiderrodriguez/Desktop/Eclipse/Bets2021/src/main/resources/bets20.temp' is opened by 2265@MacBook-Pro-de-Eider.local

[2020-10-09 12:53:13 #2 type] 
Type domain.Pertsona is not enhanced.

[2020-10-09 12:53:13 #3 type] 
Type domain.Administratzailea is not enhanced.

[2020-10-09 12:53:13 #4 type] 
Type domain.Question is not enhanced.

[2020-10-09 12:53:13 #5 type] 
Type domain.Kuota is not enhanced.

[2020-10-09 12:53:13 #6 type] 
Type domain.Event is not enhanced.

[2020-10-09 12:53:13 #7 type] 
Type domain.Apustua is not enhanced.

[2020-10-09 12:53:13 #8 type] 
Type domain.PertsonaErregistratua is not enhanced.

------------------------------------------------------------------------------------------------------------------------

[2020-10-09 12:54:36 #1 store] 
Database '/Users/eiderrodriguez/Desktop/Eclipse/Bets2021/src/main/resources/bets20.temp' is opened by 2271@MacBook-Pro-de-Eider.local

[2020-10-09 12:54:36 #2 type] 
Type domain.Pertsona is not enhanced.

[2020-10-09 12:54:36 #3 type] 
Type domain.Administratzailea is not enhanced.

[2020-10-09 12:54:36 #4 type] 
Type domain.Question is not enhanced.

[2020-10-09 12:54:36 #5 type] 
Type domain.Kuota is not enhanced.

[2020-10-09 12:54:36 #6 type] 
Type domain.Event is not enhanced.

[2020-10-09 12:54:36 #7 type] 
Type domain.Apustua is not enhanced.

[2020-10-09 12:54:36 #8 type] 
Type domain.PertsonaErregistratua is not enhanced.

------------------------------------------------------------------------------------------------------------------------

[2020-10-09 12:56:15 #1 store] 
Database '/Users/eiderrodriguez/Desktop/Eclipse/Bets2021/src/main/resources/bets20.temp' is opened by 2277@MacBook-Pro-de-Eider.local

[2020-10-09 12:56:15 #2 type] 
Type domain.Pertsona is not enhanced.

[2020-10-09 12:56:15 #3 type] 
Type domain.Administratzailea is not enhanced.

[2020-10-09 12:56:15 #4 type] 
Type domain.Question is not enhanced.

[2020-10-09 12:56:15 #5 type] 
Type domain.Kuota is not enhanced.

[2020-10-09 12:56:15 #6 type] 
Type domain.Event is not enhanced.

[2020-10-09 12:56:15 #7 type] 
Type domain.Apustua is not enhanced.

[2020-10-09 12:56:15 #8 type] 
Type domain.PertsonaErregistratua is not enhanced.

------------------------------------------------------------------------------------------------------------------------

[2020-10-09 12:56:24 #1 store] 
Database '/Users/eiderrodriguez/Desktop/Eclipse/Bets2021/src/main/resources/bets20.temp' is opened by 2279@MacBook-Pro-de-Eider.local

[2020-10-09 12:56:24 #2 type] 
Type domain.Pertsona is not enhanced.

[2020-10-09 12:56:24 #3 type] 
Type domain.Administratzailea is not enhanced.

[2020-10-09 12:56:24 #4 type] 
Type domain.Question is not enhanced.

[2020-10-09 12:56:24 #5 type] 
Type domain.Kuota is not enhanced.

[2020-10-09 12:56:25 #6 type] 
Type domain.Event is not enhanced.

[2020-10-09 12:56:25 #7 type] 
Type domain.Apustua is not enhanced.

[2020-10-09 12:56:25 #8 type] 
Type domain.PertsonaErregistratua is not enhanced.

------------------------------------------------------------------------------------------------------------------------

[2020-10-09 12:56:51 #1 store] 
Database '/Users/eiderrodriguez/Desktop/Eclipse/Bets2021/src/main/resources/bets20.temp' is opened by 2280@MacBook-Pro-de-Eider.local

[2020-10-09 12:56:52 #2 type] 
Type domain.Pertsona is not enhanced.

[2020-10-09 12:56:52 #3 type] 
Type domain.Administratzailea is not enhanced.

[2020-10-09 12:56:52 #4 type] 
Type domain.Question is not enhanced.

[2020-10-09 12:56:52 #5 type] 
Type domain.Kuota is not enhanced.

[2020-10-09 12:56:52 #6 type] 
Type domain.Event is not enhanced.

[2020-10-09 12:56:52 #7 type] 
Type domain.Apustua is not enhanced.

[2020-10-09 12:56:52 #8 type] 
Type domain.PertsonaErregistratua is not enhanced.

------------------------------------------------------------------------------------------------------------------------

[2020-10-09 12:57:49 #1 store] 
Database '/Users/eiderrodriguez/Desktop/Eclipse/Bets2021/src/main/resources/bets20.temp' is opened by 2292@MacBook-Pro-de-Eider.local

[2020-10-09 12:57:49 #2 type] 
Type domain.Pertsona is not enhanced.

[2020-10-09 12:57:49 #3 type] 
Type domain.Administratzailea is not enhanced.

[2020-10-09 12:57:49 #4 type] 
Type domain.Question is not enhanced.

[2020-10-09 12:57:49 #5 type] 
Type domain.Kuota is not enhanced.

[2020-10-09 12:57:49 #6 type] 
Type domain.Event is not enhanced.

[2020-10-09 12:57:49 #7 type] 
Type domain.Apustua is not enhanced.

[2020-10-09 12:57:49 #8 type] 
Type domain.PertsonaErregistratua is not enhanced.

------------------------------------------------------------------------------------------------------------------------

[2020-10-09 12:58:24 #1 store] 
Database '/Users/eiderrodriguez/Desktop/Eclipse/Bets2021/src/main/resources/bets20.temp' is opened by 2296@MacBook-Pro-de-Eider.local

[2020-10-09 12:58:24 #2 type] 
Type domain.Pertsona is not enhanced.

[2020-10-09 12:58:24 #3 type] 
Type domain.Administratzailea is not enhanced.

[2020-10-09 12:58:24 #4 type] 
Type domain.Question is not enhanced.

[2020-10-09 12:58:24 #5 type] 
Type domain.Kuota is not enhanced.

[2020-10-09 12:58:24 #6 type] 
Type domain.Event is not enhanced.

[2020-10-09 12:58:24 #7 type] 
Type domain.Apustua is not enhanced.

[2020-10-09 12:58:24 #8 type] 
Type domain.PertsonaErregistratua is not enhanced.

------------------------------------------------------------------------------------------------------------------------

[2020-10-09 12:58:44 #1 store] 
Database '/Users/eiderrodriguez/Desktop/Eclipse/Bets2021/src/main/resources/bets20.temp' is opened by 2297@MacBook-Pro-de-Eider.local

[2020-10-09 12:58:44 #2 type] 
Type domain.Pertsona is not enhanced.

[2020-10-09 12:58:44 #3 type] 
Type domain.Administratzailea is not enhanced.

[2020-10-09 12:58:44 #4 type] 
Type domain.Question is not enhanced.

[2020-10-09 12:58:44 #5 type] 
Type domain.Kuota is not enhanced.

[2020-10-09 12:58:44 #6 type] 
Type domain.Event is not enhanced.

[2020-10-09 12:58:44 #7 type] 
Type domain.Apustua is not enhanced.

[2020-10-09 12:58:44 #8 type] 
Type domain.PertsonaErregistratua is not enhanced.

------------------------------------------------------------------------------------------------------------------------

[2020-10-09 12:59:32 #1 store] 
Database '/Users/eiderrodriguez/Desktop/Eclipse/Bets2021/src/main/resources/bets20.temp' is opened by 2303@MacBook-Pro-de-Eider.local

[2020-10-09 12:59:32 #2 type] 
Type domain.Pertsona is not enhanced.

[2020-10-09 12:59:32 #3 type] 
Type domain.Administratzailea is not enhanced.

[2020-10-09 12:59:33 #4 type] 
Type domain.Question is not enhanced.

[2020-10-09 12:59:33 #5 type] 
Type domain.Kuota is not enhanced.

[2020-10-09 12:59:33 #6 type] 
Type domain.Event is not enhanced.

[2020-10-09 12:59:33 #7 type] 
Type domain.Apustua is not enhanced.

[2020-10-09 12:59:33 #8 type] 
Type domain.PertsonaErregistratua is not enhanced.

------------------------------------------------------------------------------------------------------------------------

[2020-10-09 12:59:57 #1 store] 
Database '/Users/eiderrodriguez/Desktop/Eclipse/Bets2021/src/main/resources/bets20.temp' is opened by 2305@MacBook-Pro-de-Eider.local

[2020-10-09 12:59:57 #2 type] 
Type domain.Pertsona is not enhanced.

[2020-10-09 12:59:57 #3 type] 
Type domain.Administratzailea is not enhanced.

[2020-10-09 12:59:57 #4 type] 
Type domain.Question is not enhanced.

[2020-10-09 12:59:57 #5 type] 
Type domain.Kuota is not enhanced.

[2020-10-09 12:59:57 #6 type] 
Type domain.Event is not enhanced.

[2020-10-09 12:59:57 #7 type] 
Type domain.Apustua is not enhanced.

[2020-10-09 12:59:57 #8 type] 
Type domain.PertsonaErregistratua is not enhanced.

------------------------------------------------------------------------------------------------------------------------

[2020-10-09 13:00:20 #1 store] 
Database '/Users/eiderrodriguez/Desktop/Eclipse/Bets2021/src/main/resources/bets20.temp' is opened by 2307@MacBook-Pro-de-Eider.local

[2020-10-09 13:00:20 #2 type] 
Type domain.Pertsona is not enhanced.

[2020-10-09 13:00:20 #3 type] 
Type domain.Administratzailea is not enhanced.

[2020-10-09 13:00:20 #4 type] 
Type domain.Question is not enhanced.

[2020-10-09 13:00:20 #5 type] 
Type domain.Kuota is not enhanced.

[2020-10-09 13:00:20 #6 type] 
Type domain.Event is not enhanced.

[2020-10-09 13:00:20 #7 type] 
Type domain.Apustua is not enhanced.

[2020-10-09 13:00:20 #8 type] 
Type domain.PertsonaErregistratua is not enhanced.

------------------------------------------------------------------------------------------------------------------------

[2020-10-09 13:01:07 #1 store] 
Database '/Users/eiderrodriguez/Desktop/Eclipse/Bets2021/src/main/resources/bets20.temp' is opened by 2310@MacBook-Pro-de-Eider.local

[2020-10-09 13:01:07 #2 type] 
Type domain.Pertsona is not enhanced.

[2020-10-09 13:01:07 #3 type] 
Type domain.Administratzailea is not enhanced.

[2020-10-09 13:01:07 #4 type] 
Type domain.Question is not enhanced.

[2020-10-09 13:01:07 #5 type] 
Type domain.Kuota is not enhanced.

[2020-10-09 13:01:07 #6 type] 
Type domain.Event is not enhanced.

[2020-10-09 13:01:07 #7 type] 
Type domain.Apustua is not enhanced.

[2020-10-09 13:01:07 #8 type] 
Type domain.PertsonaErregistratua is not enhanced.

------------------------------------------------------------------------------------------------------------------------

[2020-10-09 13:01:49 #1 store] 
Database '/Users/eiderrodriguez/Desktop/Eclipse/Bets2021/src/main/resources/bets20.temp' is opened by 2314@MacBook-Pro-de-Eider.local

[2020-10-09 13:01:50 #2 type] 
Type domain.Pertsona is not enhanced.

[2020-10-09 13:01:50 #3 type] 
Type domain.Administratzailea is not enhanced.

[2020-10-09 13:01:50 #4 type] 
Type domain.Question is not enhanced.

[2020-10-09 13:01:50 #5 type] 
Type domain.Kuota is not enhanced.

[2020-10-09 13:01:50 #6 type] 
Type domain.Event is not enhanced.

[2020-10-09 13:01:50 #7 type] 
Type domain.Apustua is not enhanced.

[2020-10-09 13:01:50 #8 type] 
Type domain.PertsonaErregistratua is not enhanced.

